<?xml version="1.0" encoding="UTF-8"?>
<!-- Generated by org.testng.reporters.JUnitReportReporter -->
<testsuite hostname="DESKTOP-EV0N9H2" failures="0" tests="1" name="Com.Ecommerce.TestCases.TC_AddtoCart" time="23.697" errors="0" timestamp="2023-01-20T14:48:53 IST" skipped="0">
  <testcase classname="Com.Ecommerce.TestCases.TC_AddtoCart" name="AddProduct" time="23.697"/>
  <system-out/>
</testsuite> <!-- Com.Ecommerce.TestCases.TC_AddtoCart -->
