<?xml version="1.0" encoding="UTF-8"?>
<!-- Generated by org.testng.reporters.JUnitReportReporter -->
<testsuite hostname="DESKTOP-EV0N9H2" failures="0" tests="1" name="Com.Ecommerce.TestCases.TC_Elec_AddtocartTestcase" time="21.243" errors="0" timestamp="2023-01-24T13:32:30 IST" skipped="0">
  <testcase classname="Com.Ecommerce.TestCases.TC_Elec_AddtocartTestcase" name="AddProduct" time="21.243"/>
  <system-out/>
</testsuite> <!-- Com.Ecommerce.TestCases.TC_Elec_AddtocartTestcase -->
