<?xml version="1.0" encoding="UTF-8"?>
<!-- Generated by org.testng.reporters.JUnitReportReporter -->
<testsuite hostname="DESKTOP-EV0N9H2" failures="0" tests="1" name="Com.Ecommerce.TestCases.TC_LoginDataTestCase" time="0.000" errors="0" timestamp="2023-01-24T13:46:15 IST" skipped="1">
  <testcase classname="Com.Ecommerce.TestCases.TC_LoginDataTestCase" name="LoginData" time="0.000">
    <skipped/>
  </testcase> <!-- LoginData -->
  <system-out/>
</testsuite> <!-- Com.Ecommerce.TestCases.TC_LoginDataTestCase -->
