<?xml version="1.0" encoding="UTF-8"?>
<!-- Generated by org.testng.reporters.JUnitReportReporter -->
<testsuite hostname="DESKTOP-EV0N9H2" failures="0" tests="1" name="Com.Ecommerce.TestCases.TC_LoginTestcase" time="19.240" errors="0" timestamp="2023-01-24T13:32:30 IST" skipped="0">
  <testcase classname="Com.Ecommerce.TestCases.TC_LoginTestcase" name="LoginTestCase" time="19.240"/>
  <system-out/>
</testsuite> <!-- Com.Ecommerce.TestCases.TC_LoginTestcase -->
